<?xml version="1.0" encoding="UTF-8"?>
<!-- Generated by org.testng.reporters.JUnitReportReporter -->
<testsuite hostname="DESKTOP-HNLM419" name="com.crm.AddDeptTest" tests="2" failures="0" timestamp="13 Jan 2018 12:27:54 GMT" time="1.003" errors="0">
  <testcase name="addDept" time="0.080" classname="com.crm.AddDeptTest"/>
  <testcase name="addDept" time="0.923" classname="com.crm.AddDeptTest"/>
</testsuite> <!-- com.crm.AddDeptTest -->
